<?xml version="1.0" encoding="UTF-8"?>
<!-- Generated by org.testng.reporters.JUnitReportReporter -->
<testsuite skipped="0" hostname="ip-172-31-37-114" name="selenium.test" tests="1" failures="0" timestamp="07 Mar 2020 15:25:17 GMT" time="4.832" errors="0">
  <testcase name="hello" time="4.832" classname="selenium.test"/>
</testsuite> <!-- selenium.test -->
